SF:lib/src/also.dart
DA:20,1
DA:22,1
LF:2
LH:2
end_of_record
SF:lib/src/bool.dart
DA:12,2
DA:24,1
DA:37,1
DA:38,2
DA:50,1
DA:51,2
LF:6
LH:6
end_of_record
SF:lib/src/condition.dart
DA:26,1
DA:31,1
DA:33,1
DA:63,1
DA:68,1
DA:69,1
DA:70,1
DA:72,1
DA:91,1
DA:92,1
LF:10
LH:10
end_of_record
SF:lib/src/double.dart
DA:4,2
DA:16,1
DA:30,2
DA:42,2
LF:4
LH:4
end_of_record
SF:lib/src/either.dart
DA:12,4
DA:22,4
DA:32,5
DA:44,1
DA:45,4
LF:5
LH:5
end_of_record
SF:lib/src/exception.dart
DA:15,2
DA:17,1
DA:19,2
LF:3
LH:3
end_of_record
SF:lib/src/function.dart
DA:24,1
DA:29,1
DA:55,1
DA:56,1
DA:57,1
DA:81,1
DA:87,1
DA:112,1
DA:117,1
LF:9
LH:9
end_of_record
SF:lib/src/future.dart
DA:16,1
DA:26,1
DA:37,1
DA:53,1
DA:72,1
DA:73,1
DA:87,1
DA:91,1
DA:103,1
DA:120,1
DA:122,1
DA:141,1
DA:142,1
DA:157,1
DA:164,1
DA:165,1
DA:184,1
DA:186,1
DA:188,2
DA:201,1
DA:203,1
DA:205,2
DA:225,1
DA:227,1
DA:229,2
DA:231,1
DA:248,1
DA:250,1
DA:252,2
DA:253,1
DA:270,1
DA:272,1
DA:274,3
LF:33
LH:33
end_of_record
SF:lib/src/int.dart
DA:10,2
DA:22,1
DA:36,2
DA:48,2
LF:4
LH:4
end_of_record
SF:lib/src/iterable.dart
DA:16,1
DA:17,2
DA:18,3
DA:37,1
DA:39,2
DA:40,4
DA:55,1
DA:56,2
DA:57,1
DA:85,4
DA:106,2
DA:107,2
DA:108,4
DA:110,2
DA:125,2
DA:126,4
DA:144,1
DA:145,2
DA:148,1
DA:170,1
DA:171,2
DA:172,1
DA:193,1
DA:194,3
DA:210,2
LF:25
LH:25
end_of_record
SF:lib/src/let.dart
DA:25,1
DA:28,1
DA:54,1
DA:57,1
LF:4
LH:4
end_of_record
SF:lib/src/list.dart
DA:27,1
DA:31,2
DA:32,1
DA:34,1
DA:57,1
DA:58,2
LF:6
LH:6
end_of_record
SF:lib/src/map.dart
DA:11,2
DA:23,2
DA:35,1
DA:49,2
DA:62,1
DA:64,2
DA:82,1
DA:84,3
DA:98,1
DA:99,1
DA:100,3
DA:120,1
DA:123,1
DA:124,3
DA:142,1
DA:144,1
DA:159,2
DA:172,2
DA:184,2
LF:19
LH:19
end_of_record
SF:lib/src/nullable.dart
DA:10,1
DA:11,1
DA:28,1
DA:30,1
DA:44,1
DA:46,1
DA:63,1
DA:64,1
LF:8
LH:8
end_of_record
SF:lib/src/object.dart
DA:12,1
DA:23,1
DA:36,1
DA:38,1
DA:52,1
DA:54,1
DA:69,1
DA:87,1
DA:88,1
LF:9
LH:9
end_of_record
SF:lib/src/run.dart
DA:20,1
DA:22,1
LF:2
LH:2
end_of_record
SF:lib/src/runes.dart
DA:12,1
DA:13,1
DA:25,1
DA:26,1
DA:38,1
DA:39,1
DA:54,1
DA:55,2
DA:68,1
DA:69,4
DA:81,1
DA:82,2
DA:94,1
DA:95,2
LF:14
LH:14
end_of_record
SF:lib/src/stream.dart
DA:20,1
DA:21,2
DA:22,3
DA:23,2
DA:45,1
DA:46,1
DA:64,1
DA:65,1
DA:77,1
DA:78,1
DA:95,1
DA:97,1
DA:99,2
DA:116,1
DA:118,1
DA:120,3
DA:121,1
DA:140,1
DA:141,1
DA:156,1
DA:159,1
DA:180,1
DA:182,2
DA:194,1
DA:195,1
DA:212,1
DA:213,1
LF:27
LH:27
end_of_record
SF:lib/src/string.dart
DA:15,2
DA:21,2
DA:26,1
DA:42,1
DA:43,1
DA:44,1
LF:6
LH:6
end_of_record
SF:lib/src/take.dart
DA:21,1
DA:23,1
DA:44,1
DA:46,1
LF:4
LH:4
end_of_record
SF:lib/src/utils.dart
DA:12,1
DA:14,1
DA:27,2
LF:3
LH:3
end_of_record
SF:lib/src/when.dart
DA:4,1
DA:6,1
DA:7,1
LF:3
LH:3
end_of_record
